2024/07/12 09:14:19 [notice] 1#1: using the "epoll" event method
2024/07/12 09:14:19 [notice] 1#1: nginx/1.27.0
2024/07/12 09:14:19 [notice] 1#1: built by gcc 12.2.0 (Debian 12.2.0-14) 
2024/07/12 09:14:19 [notice] 1#1: OS: Linux 6.6.26-linuxkit
2024/07/12 09:14:19 [notice] 1#1: getrlimit(RLIMIT_NOFILE): 1048576:1048576
2024/07/12 09:14:19 [notice] 1#1: start worker processes
2024/07/12 09:14:19 [notice] 1#1: start worker process 28
2024/07/12 09:14:19 [notice] 1#1: start worker process 29
2024/07/12 09:14:19 [notice] 1#1: start worker process 30
2024/07/12 09:14:19 [notice] 1#1: start worker process 31
2024/07/12 09:14:19 [notice] 1#1: start worker process 32
2024/07/12 09:14:19 [notice] 1#1: start worker process 33
2024/07/12 09:14:19 [notice] 1#1: start worker process 34
2024/07/12 09:14:19 [notice] 1#1: start worker process 35
2024/07/12 09:14:19 [notice] 1#1: start worker process 36
2024/07/12 09:14:19 [notice] 1#1: start worker process 37
2024/07/12 09:14:31 [error] 29#29: *1 open() "/var/www/html/whitelist.txt" failed (2: No such file or directory), client: 192.168.254.1, server: hostfiles.local, request: "GET /whitelist.txt HTTP/1.1", host: "localhost:8084"
2024/07/12 09:14:31 [error] 29#29: *1 open() "/var/www/html/favicon.ico" failed (2: No such file or directory), client: 192.168.254.1, server: hostfiles.local, request: "GET /favicon.ico HTTP/1.1", host: "localhost:8084", referrer: "http://localhost:8084/whitelist.txt"
2024/07/12 09:14:32 [error] 30#30: *3 open() "/var/www/html/whitelist.txt" failed (2: No such file or directory), client: 192.168.254.1, server: hostfiles.local, request: "GET /whitelist.txt HTTP/1.1", host: "localhost:8084"
2024/07/12 09:14:33 [error] 30#30: *3 open() "/var/www/html/whitelist.txt" failed (2: No such file or directory), client: 192.168.254.1, server: hostfiles.local, request: "GET /whitelist.txt HTTP/1.1", host: "localhost:8084"
2024/07/12 09:14:35 [error] 30#30: *3 directory index of "/var/www/html/" is forbidden, client: 192.168.254.1, server: hostfiles.local, request: "GET / HTTP/1.1", host: "localhost:8084"
2024/07/12 09:14:37 [error] 32#32: *6 open() "/var/www/html/whitelist.txt" failed (2: No such file or directory), client: 192.168.254.1, server: hostfiles.local, request: "GET /whitelist.txt HTTP/1.1", host: "localhost:8084"
2024/07/12 09:14:38 [error] 32#32: *6 open() "/var/www/html/whitelist.txt" failed (2: No such file or directory), client: 192.168.254.1, server: hostfiles.local, request: "GET /whitelist.txt HTTP/1.1", host: "localhost:8084"
2024/07/12 09:14:38 [error] 32#32: *6 open() "/var/www/html/whitelist.txt" failed (2: No such file or directory), client: 192.168.254.1, server: hostfiles.local, request: "GET /whitelist.txt HTTP/1.1", host: "localhost:8084"
2024/07/12 09:18:11 [error] 34#34: *8 open() "/var/www/html/whitelist.txt" failed (2: No such file or directory), client: 192.168.254.1, server: hostfiles.local, request: "GET /whitelist.txt HTTP/1.1", host: "localhost:8084"
2024/07/12 09:18:11 [error] 34#34: *8 open() "/var/www/html/whitelist.txt" failed (2: No such file or directory), client: 192.168.254.1, server: hostfiles.local, request: "GET /whitelist.txt HTTP/1.1", host: "localhost:8084"
2024/07/12 09:19:33 [error] 35#35: *9 open() "/var/www/html/whitelist.txt" failed (2: No such file or directory), client: 192.168.254.1, server: hostfiles.local, request: "GET /whitelist.txt HTTP/1.1", host: "localhost:8084"
2024/07/12 09:19:34 [error] 35#35: *9 open() "/var/www/html/whitelist.txt" failed (2: No such file or directory), client: 192.168.254.1, server: hostfiles.local, request: "GET /whitelist.txt HTTP/1.1", host: "localhost:8084"
2024/07/12 09:19:44 [notice] 1#1: signal 3 (SIGQUIT) received, shutting down
2024/07/12 09:19:44 [notice] 28#28: gracefully shutting down
2024/07/12 09:19:44 [notice] 29#29: gracefully shutting down
2024/07/12 09:19:44 [notice] 31#31: gracefully shutting down
2024/07/12 09:19:44 [notice] 30#30: gracefully shutting down
2024/07/12 09:19:44 [notice] 32#32: gracefully shutting down
2024/07/12 09:19:44 [notice] 34#34: gracefully shutting down
2024/07/12 09:19:44 [notice] 37#37: gracefully shutting down
2024/07/12 09:19:44 [notice] 36#36: gracefully shutting down
2024/07/12 09:19:44 [notice] 33#33: gracefully shutting down
2024/07/12 09:19:44 [notice] 35#35: gracefully shutting down
2024/07/12 09:19:44 [notice] 28#28: exiting
2024/07/12 09:19:44 [notice] 29#29: exiting
2024/07/12 09:19:44 [notice] 31#31: exiting
2024/07/12 09:19:44 [notice] 30#30: exiting
2024/07/12 09:19:44 [notice] 31#31: exit
2024/07/12 09:19:44 [notice] 32#32: exiting
2024/07/12 09:19:44 [notice] 34#34: exiting
2024/07/12 09:19:44 [notice] 37#37: exiting
2024/07/12 09:19:44 [notice] 36#36: exiting
2024/07/12 09:19:44 [notice] 33#33: exiting
2024/07/12 09:19:44 [notice] 33#33: exit
2024/07/12 09:19:44 [notice] 35#35: exiting
2024/07/12 09:19:44 [notice] 35#35: exit
2024/07/12 09:19:44 [notice] 28#28: exit
2024/07/12 09:19:44 [notice] 29#29: exit
2024/07/12 09:19:44 [notice] 30#30: exit
2024/07/12 09:19:44 [notice] 32#32: exit
2024/07/12 09:19:44 [notice] 34#34: exit
2024/07/12 09:19:44 [notice] 37#37: exit
2024/07/12 09:19:44 [notice] 36#36: exit
2024/07/12 09:19:44 [notice] 1#1: signal 17 (SIGCHLD) received from 29
2024/07/12 09:19:44 [notice] 1#1: worker process 29 exited with code 0
2024/07/12 09:19:44 [notice] 1#1: signal 29 (SIGIO) received
2024/07/12 09:19:44 [notice] 1#1: signal 17 (SIGCHLD) received from 33
2024/07/12 09:19:44 [notice] 1#1: worker process 28 exited with code 0
2024/07/12 09:19:44 [notice] 1#1: worker process 31 exited with code 0
2024/07/12 09:19:44 [notice] 1#1: worker process 33 exited with code 0
2024/07/12 09:19:44 [notice] 1#1: signal 29 (SIGIO) received
2024/07/12 09:19:44 [notice] 1#1: signal 17 (SIGCHLD) received from 28
2024/07/12 09:19:44 [notice] 1#1: signal 17 (SIGCHLD) received from 36
2024/07/12 09:19:44 [notice] 1#1: worker process 35 exited with code 0
2024/07/12 09:19:44 [notice] 1#1: worker process 36 exited with code 0
2024/07/12 09:19:44 [notice] 1#1: signal 29 (SIGIO) received
2024/07/12 09:19:44 [notice] 1#1: signal 17 (SIGCHLD) received from 35
2024/07/12 09:19:44 [notice] 1#1: signal 17 (SIGCHLD) received from 37
2024/07/12 09:19:44 [notice] 1#1: worker process 30 exited with code 0
2024/07/12 09:19:44 [notice] 1#1: worker process 32 exited with code 0
2024/07/12 09:19:44 [notice] 1#1: worker process 34 exited with code 0
2024/07/12 09:19:44 [notice] 1#1: worker process 37 exited with code 0
2024/07/12 09:19:44 [notice] 1#1: exit
2024/07/12 09:19:56 [notice] 1#1: using the "epoll" event method
2024/07/12 09:19:56 [notice] 1#1: nginx/1.27.0
2024/07/12 09:19:56 [notice] 1#1: built by gcc 12.2.0 (Debian 12.2.0-14) 
2024/07/12 09:19:56 [notice] 1#1: OS: Linux 6.6.26-linuxkit
2024/07/12 09:19:56 [notice] 1#1: getrlimit(RLIMIT_NOFILE): 1048576:1048576
2024/07/12 09:19:56 [notice] 1#1: start worker processes
2024/07/12 09:19:56 [notice] 1#1: start worker process 28
2024/07/12 09:19:56 [notice] 1#1: start worker process 29
2024/07/12 09:19:56 [notice] 1#1: start worker process 30
2024/07/12 09:19:56 [notice] 1#1: start worker process 31
2024/07/12 09:19:56 [notice] 1#1: start worker process 32
2024/07/12 09:19:56 [notice] 1#1: start worker process 33
2024/07/12 09:19:56 [notice] 1#1: start worker process 34
2024/07/12 09:19:56 [notice] 1#1: start worker process 35
2024/07/12 09:19:56 [notice] 1#1: start worker process 36
2024/07/12 09:19:56 [notice] 1#1: start worker process 37
2024/07/12 09:19:57 [notice] 1#1: signal 3 (SIGQUIT) received, shutting down
2024/07/12 09:19:57 [notice] 33#33: gracefully shutting down
2024/07/12 09:19:57 [notice] 33#33: exiting
2024/07/12 09:19:57 [notice] 35#35: gracefully shutting down
2024/07/12 09:19:57 [notice] 35#35: exiting
2024/07/12 09:19:57 [notice] 34#34: gracefully shutting down
2024/07/12 09:19:57 [notice] 34#34: exiting
2024/07/12 09:19:57 [notice] 30#30: gracefully shutting down
2024/07/12 09:19:57 [notice] 30#30: exiting
2024/07/12 09:19:57 [notice] 29#29: gracefully shutting down
2024/07/12 09:19:57 [notice] 36#36: gracefully shutting down
2024/07/12 09:19:57 [notice] 36#36: exiting
2024/07/12 09:19:57 [notice] 32#32: gracefully shutting down
2024/07/12 09:19:57 [notice] 32#32: exiting
2024/07/12 09:19:57 [notice] 31#31: gracefully shutting down
2024/07/12 09:19:57 [notice] 31#31: exiting
2024/07/12 09:19:57 [notice] 37#37: gracefully shutting down
2024/07/12 09:19:57 [notice] 37#37: exiting
2024/07/12 09:19:57 [notice] 28#28: gracefully shutting down
2024/07/12 09:19:57 [notice] 33#33: exit
2024/07/12 09:19:57 [notice] 35#35: exit
2024/07/12 09:19:57 [notice] 34#34: exit
2024/07/12 09:19:57 [notice] 30#30: exit
2024/07/12 09:19:57 [notice] 29#29: exiting
2024/07/12 09:19:57 [notice] 36#36: exit
2024/07/12 09:19:57 [notice] 32#32: exit
2024/07/12 09:19:57 [notice] 31#31: exit
2024/07/12 09:19:57 [notice] 37#37: exit
2024/07/12 09:19:57 [notice] 28#28: exiting
2024/07/12 09:19:57 [notice] 29#29: exit
2024/07/12 09:19:57 [notice] 28#28: exit
2024/07/12 09:19:57 [notice] 1#1: signal 17 (SIGCHLD) received from 35
2024/07/12 09:19:57 [notice] 1#1: worker process 30 exited with code 0
2024/07/12 09:19:57 [notice] 1#1: worker process 33 exited with code 0
2024/07/12 09:19:57 [notice] 1#1: worker process 35 exited with code 0
2024/07/12 09:19:57 [notice] 1#1: signal 29 (SIGIO) received
2024/07/12 09:19:57 [notice] 1#1: signal 17 (SIGCHLD) received from 30
2024/07/12 09:19:57 [notice] 1#1: signal 17 (SIGCHLD) received from 36
2024/07/12 09:19:57 [notice] 1#1: worker process 28 exited with code 0
2024/07/12 09:19:57 [notice] 1#1: worker process 29 exited with code 0
2024/07/12 09:19:57 [notice] 1#1: worker process 31 exited with code 0
2024/07/12 09:19:57 [notice] 1#1: worker process 32 exited with code 0
2024/07/12 09:19:57 [notice] 1#1: worker process 34 exited with code 0
2024/07/12 09:19:57 [notice] 1#1: worker process 36 exited with code 0
2024/07/12 09:19:57 [notice] 1#1: signal 29 (SIGIO) received
2024/07/12 09:19:57 [notice] 1#1: signal 17 (SIGCHLD) received from 31
2024/07/12 09:19:57 [notice] 1#1: signal 17 (SIGCHLD) received from 37
2024/07/12 09:19:57 [notice] 1#1: worker process 37 exited with code 0
2024/07/12 09:19:57 [notice] 1#1: exit
